<?xml version="1.0" encoding="UTF-8"?>
<!-- Generated by org.testng.reporters.JUnitReportReporter -->
<testsuite hostname="synclapn5483" name="testcases.TC004_EditLead" tests="2" failures="0" timestamp="22 Aug 2017 14:43:18 GMT" time="225.003" errors="0">
  <testcase name="EditLead" time="86.456" classname="testcases.TC004_EditLead"/>
  <testcase name="EditLead" time="138.547" classname="testcases.TC004_EditLead"/>
</testsuite> <!-- testcases.TC004_EditLead -->
