<?xml version="1.0" encoding="UTF-8"?>
<!-- Generated by org.testng.reporters.JUnitReportReporter -->
<testsuite hostname="synclapn5483" name="testcases.TC005_DuplicateLead" tests="2" failures="0" timestamp="22 Aug 2017 14:43:18 GMT" time="231.981" errors="0">
  <testcase name="DuplicateLead" time="109.717" classname="testcases.TC005_DuplicateLead"/>
  <testcase name="DuplicateLead" time="122.264" classname="testcases.TC005_DuplicateLead"/>
</testsuite> <!-- testcases.TC005_DuplicateLead -->
