<?xml version="1.0" encoding="UTF-8"?>
<!-- Generated by org.testng.reporters.JUnitReportReporter -->
<testsuite hostname="synclapn5483" name="testcases.TC001_Login" tests="2" failures="0" timestamp="20 Aug 2017 12:18:48 GMT" time="43.554" errors="0">
  <testcase name="loginLogOut" time="23.004" classname="testcases.TC001_Login"/>
  <testcase name="loginLogOut" time="20.550" classname="testcases.TC001_Login"/>
</testsuite> <!-- testcases.TC001_Login -->
