<?xml version="1.0" encoding="UTF-8"?>
<!-- Generated by org.testng.reporters.JUnitReportReporter -->
<testsuite hostname="synclapn5483" name="testcases.TC006_DeleteLead" tests="2" failures="0" timestamp="22 Aug 2017 14:43:18 GMT" time="235.149" errors="0">
  <testcase name="DeleteLead" time="138.746" classname="testcases.TC006_DeleteLead"/>
  <testcase name="DeleteLead" time="96.403" classname="testcases.TC006_DeleteLead"/>
</testsuite> <!-- testcases.TC006_DeleteLead -->
