<?xml version="1.0" encoding="UTF-8"?>
<!-- Generated by org.testng.reporters.JUnitReportReporter -->
<testsuite hostname="synclapn5483" name="testcases.TC007_MergeLead" tests="1" failures="0" timestamp="22 Aug 2017 14:45:42 GMT" time="77.968" errors="0">
  <testcase name="MergeLead" time="77.968" classname="testcases.TC007_MergeLead"/>
</testsuite> <!-- testcases.TC007_MergeLead -->
